2025-03-31 13:52:53 [scrapy.utils.log] INFO: Scrapy 2.12.0 started (bot: sql_crawler)
2025-03-31 13:52:53 [scrapy.utils.log] INFO: Versions: lxml 5.3.1.0, libxml2 2.12.9, cssselect 1.3.0, parsel 1.10.0, w3lib 2.3.1, Twisted 24.11.0, Python 3.13.2 (main, Feb  4 2025, 14:51:09) [Clang 16.0.0 (clang-1600.0.26.6)], pyOpenSSL 25.0.0 (OpenSSL 3.4.1 11 Feb 2025), cryptography 44.0.2, Platform macOS-14.2.1-x86_64-i386-64bit-Mach-O
2025-03-31 13:52:53 [scrapy.addons] INFO: Enabled addons:
[]
2025-03-31 13:52:53 [py.warnings] WARNING: /Users/purvasinghgrover/Desktop/ECE595/PROJECT/ScrapyShield/sql_crawler/venv/lib/python3.13/site-packages/scrapy/utils/request.py:120: ScrapyDeprecationWarning: 'REQUEST_FINGERPRINTER_IMPLEMENTATION' is a deprecated setting.
It will be removed in a future version of Scrapy.
  return cls(crawler)

2025-03-31 13:52:53 [scrapy.utils.log] DEBUG: Using reactor: twisted.internet.selectreactor.SelectReactor
2025-03-31 13:52:53 [scrapy.utils.log] DEBUG: Using reactor: twisted.internet.selectreactor.SelectReactor
2025-03-31 13:52:53 [scrapy.extensions.telnet] INFO: Telnet Password: d3fa2cac74c3cdf9
2025-03-31 13:52:53 [scrapy.middleware] INFO: Enabled extensions:
['scrapy.extensions.corestats.CoreStats',
 'scrapy.extensions.telnet.TelnetConsole',
 'scrapy.extensions.memusage.MemoryUsage',
 'scrapy.extensions.logstats.LogStats']
2025-03-31 13:52:53 [scrapy.crawler] INFO: Overridden settings:
{'BOT_NAME': 'sql_crawler',
 'FEED_EXPORT_ENCODING': 'utf-8',
 'LOG_FILE': 'sql_crawler.log',
 'NEWSPIDER_MODULE': 'sql_crawler.spiders',
 'REQUEST_FINGERPRINTER_IMPLEMENTATION': '2.7',
 'ROBOTSTXT_OBEY': True,
 'SPIDER_MODULES': ['sql_crawler.spiders'],
 'TWISTED_REACTOR': 'twisted.internet.selectreactor.SelectReactor'}
2025-03-31 13:52:53 [scrapy.middleware] INFO: Enabled downloader middlewares:
['scrapy.downloadermiddlewares.offsite.OffsiteMiddleware',
 'scrapy.downloadermiddlewares.robotstxt.RobotsTxtMiddleware',
 'scrapy.downloadermiddlewares.httpauth.HttpAuthMiddleware',
 'scrapy.downloadermiddlewares.downloadtimeout.DownloadTimeoutMiddleware',
 'scrapy.downloadermiddlewares.defaultheaders.DefaultHeadersMiddleware',
 'scrapy.downloadermiddlewares.useragent.UserAgentMiddleware',
 'scrapy.downloadermiddlewares.retry.RetryMiddleware',
 'scrapy.downloadermiddlewares.redirect.MetaRefreshMiddleware',
 'scrapy.downloadermiddlewares.httpcompression.HttpCompressionMiddleware',
 'scrapy.downloadermiddlewares.redirect.RedirectMiddleware',
 'scrapy.downloadermiddlewares.cookies.CookiesMiddleware',
 'scrapy.downloadermiddlewares.httpproxy.HttpProxyMiddleware',
 'scrapy.downloadermiddlewares.stats.DownloaderStats']
2025-03-31 13:52:53 [scrapy.middleware] INFO: Enabled spider middlewares:
['scrapy.spidermiddlewares.httperror.HttpErrorMiddleware',
 'scrapy.spidermiddlewares.referer.RefererMiddleware',
 'scrapy.spidermiddlewares.urllength.UrlLengthMiddleware',
 'scrapy.spidermiddlewares.depth.DepthMiddleware']
2025-03-31 13:52:53 [scrapy.middleware] INFO: Enabled item pipelines:
[]
2025-03-31 13:52:53 [scrapy.core.engine] INFO: Spider opened
2025-03-31 13:52:53 [scrapy.extensions.logstats] INFO: Crawled 0 pages (at 0 pages/min), scraped 0 items (at 0 items/min)
2025-03-31 13:52:53 [scrapy.extensions.telnet] INFO: Telnet console listening on 127.0.0.1:6023
2025-03-31 13:52:53 [scrapy.core.engine] DEBUG: Crawled (404) <GET http://localhost:5001/robots.txt> (referer: None)
2025-03-31 13:52:53 [scrapy.core.engine] DEBUG: Crawled (200) <GET http://localhost:5001/sqli> (referer: None)
2025-03-31 13:52:54 [scrapy.core.engine] DEBUG: Crawled (200) <POST http://localhost:5001/sqli> (referer: http://localhost:5001/sqli)
2025-03-31 13:52:54 [scrapy.core.engine] DEBUG: Crawled (200) <POST http://localhost:5001/sqli> (referer: http://localhost:5001/sqli)
2025-03-31 13:52:54 [scrapy.downloadermiddlewares.retry] DEBUG: Retrying <POST http://localhost:5001/sqli> (failed 1 times): 500 Internal Server Error
2025-03-31 13:52:54 [scrapy.downloadermiddlewares.retry] DEBUG: Retrying <POST http://localhost:5001/sqli> (failed 2 times): 500 Internal Server Error
2025-03-31 13:52:54 [scrapy.downloadermiddlewares.retry] ERROR: Gave up retrying <POST http://localhost:5001/sqli> (failed 3 times): 500 Internal Server Error
2025-03-31 13:52:54 [scrapy.core.engine] DEBUG: Crawled (500) <POST http://localhost:5001/sqli> (referer: http://localhost:5001/sqli)
2025-03-31 13:52:54 [sqli_test] DEBUG: Successful SQLi with payload: http://localhost:5001/sqli
2025-03-31 13:52:54 [sqli_test] DEBUG: Successful SQLi with payload: http://localhost:5001/sqli
2025-03-31 13:52:54 [scrapy.spidermiddlewares.httperror] INFO: Ignoring response <500 http://localhost:5001/sqli>: HTTP status code is not handled or not allowed
2025-03-31 13:52:54 [scrapy.core.engine] INFO: Closing spider (finished)
2025-03-31 13:52:54 [scrapy.statscollectors] INFO: Dumping Scrapy stats:
{'downloader/request_bytes': 2274,
 'downloader/request_count': 7,
 'downloader/request_method_count/GET': 2,
 'downloader/request_method_count/POST': 5,
 'downloader/response_bytes': 43151,
 'downloader/response_count': 7,
 'downloader/response_status_count/200': 3,
 'downloader/response_status_count/404': 1,
 'downloader/response_status_count/500': 3,
 'elapsed_time_seconds': 0.267562,
 'finish_reason': 'finished',
 'finish_time': datetime.datetime(2025, 3, 31, 17, 52, 54, 157300, tzinfo=datetime.timezone.utc),
 'httperror/response_ignored_count': 1,
 'httperror/response_ignored_status_count/500': 1,
 'items_per_minute': None,
 'log_count/DEBUG': 11,
 'log_count/ERROR': 1,
 'log_count/INFO': 11,
 'log_count/WARNING': 1,
 'memusage/max': 68812800,
 'memusage/startup': 68812800,
 'request_depth_max': 1,
 'response_received_count': 5,
 'responses_per_minute': None,
 'retry/count': 2,
 'retry/max_reached': 1,
 'retry/reason_count/500 Internal Server Error': 2,
 'robotstxt/request_count': 1,
 'robotstxt/response_count': 1,
 'robotstxt/response_status_count/404': 1,
 'scheduler/dequeued': 6,
 'scheduler/dequeued/memory': 6,
 'scheduler/enqueued': 6,
 'scheduler/enqueued/memory': 6,
 'start_time': datetime.datetime(2025, 3, 31, 17, 52, 53, 889738, tzinfo=datetime.timezone.utc)}
2025-03-31 13:52:54 [scrapy.core.engine] INFO: Spider closed (finished)
