2025-04-27 22:34:56 [scrapy.utils.log] INFO: Scrapy 2.12.0 started (bot: malicious_crawler)
2025-04-27 22:34:56 [scrapy.utils.log] INFO: Versions: lxml 5.4.0.0, libxml2 2.13.8, cssselect 1.3.0, parsel 1.10.0, w3lib 2.3.1, Twisted 24.11.0, Python 3.12.1 (main, Mar 17 2025, 17:13:06) [GCC 9.4.0], pyOpenSSL 25.0.0 (OpenSSL 3.4.1 11 Feb 2025), cryptography 44.0.2, Platform Linux-6.8.0-1026-azure-x86_64-with-glibc2.31
2025-04-27 22:34:56 [scrapy.addons] INFO: Enabled addons:
[]
2025-04-27 22:34:56 [asyncio] DEBUG: Using selector: EpollSelector
2025-04-27 22:34:56 [scrapy.utils.log] DEBUG: Using reactor: twisted.internet.asyncioreactor.AsyncioSelectorReactor
2025-04-27 22:34:56 [scrapy.utils.log] DEBUG: Using asyncio event loop: asyncio.unix_events._UnixSelectorEventLoop
2025-04-27 22:34:56 [scrapy.utils.log] DEBUG: Using reactor: twisted.internet.asyncioreactor.AsyncioSelectorReactor
2025-04-27 22:34:56 [scrapy.utils.log] DEBUG: Using asyncio event loop: asyncio.unix_events._UnixSelectorEventLoop
2025-04-27 22:34:56 [scrapy.extensions.telnet] INFO: Telnet Password: 88f001a3864e5aa1
2025-04-27 22:34:56 [scrapy.middleware] INFO: Enabled extensions:
['scrapy.extensions.corestats.CoreStats',
 'scrapy.extensions.telnet.TelnetConsole',
 'scrapy.extensions.memusage.MemoryUsage',
 'scrapy.extensions.logstats.LogStats']
2025-04-27 22:34:56 [scrapy.crawler] INFO: Overridden settings:
{'BOT_NAME': 'malicious_crawler',
 'FEED_EXPORT_ENCODING': 'utf-8',
 'LOG_FILE': 'mali_spider.log',
 'NEWSPIDER_MODULE': 'malicious_crawler.spiders',
 'ROBOTSTXT_OBEY': True,
 'SPIDER_MODULES': ['malicious_crawler.spiders'],
 'TWISTED_REACTOR': 'twisted.internet.asyncioreactor.AsyncioSelectorReactor'}
2025-04-27 22:34:56 [scrapy.middleware] INFO: Enabled downloader middlewares:
['scrapy.downloadermiddlewares.offsite.OffsiteMiddleware',
 'scrapy.downloadermiddlewares.robotstxt.RobotsTxtMiddleware',
 'scrapy.downloadermiddlewares.httpauth.HttpAuthMiddleware',
 'scrapy.downloadermiddlewares.downloadtimeout.DownloadTimeoutMiddleware',
 'scrapy.downloadermiddlewares.defaultheaders.DefaultHeadersMiddleware',
 'scrapy.downloadermiddlewares.useragent.UserAgentMiddleware',
 'scrapy.downloadermiddlewares.retry.RetryMiddleware',
 'scrapy.downloadermiddlewares.redirect.MetaRefreshMiddleware',
 'scrapy.downloadermiddlewares.httpcompression.HttpCompressionMiddleware',
 'scrapy.downloadermiddlewares.redirect.RedirectMiddleware',
 'scrapy.downloadermiddlewares.cookies.CookiesMiddleware',
 'scrapy.downloadermiddlewares.httpproxy.HttpProxyMiddleware',
 'scrapy.downloadermiddlewares.stats.DownloaderStats']
2025-04-27 22:34:56 [scrapy.middleware] INFO: Enabled spider middlewares:
['scrapy.spidermiddlewares.httperror.HttpErrorMiddleware',
 'scrapy.spidermiddlewares.referer.RefererMiddleware',
 'scrapy.spidermiddlewares.urllength.UrlLengthMiddleware',
 'scrapy.spidermiddlewares.depth.DepthMiddleware']
2025-04-27 22:34:56 [scrapy.middleware] INFO: Enabled item pipelines:
[]
2025-04-27 22:34:56 [scrapy.core.engine] INFO: Spider opened
2025-04-27 22:34:56 [scrapy.extensions.logstats] INFO: Crawled 0 pages (at 0 pages/min), scraped 0 items (at 0 items/min)
2025-04-27 22:34:56 [scrapy.extensions.telnet] INFO: Telnet console listening on 127.0.0.1:6023
2025-04-27 22:34:56 [scrapy.core.engine] DEBUG: Crawled (404) <GET http://localhost:5000/robots.txt> (referer: None)
2025-04-27 22:34:56 [scrapy.core.engine] DEBUG: Crawled (200) <GET http://localhost:5000/malware> (referer: None)
2025-04-27 22:34:56 [mali_spider] DEBUG: Found download link: http://localhost:5000/download/MalwareSimulation.exe
2025-04-27 22:34:56 [scrapy.core.engine] DEBUG: Crawled (200) <GET http://localhost:5000/download/MalwareSimulation.exe> (referer: http://localhost:5000/malware)
2025-04-27 22:34:56 [mali_spider] DEBUG: Downloaded file saved as MalwareSimulation.exe
2025-04-27 22:34:56 [scrapy.core.engine] INFO: Closing spider (finished)
2025-04-27 22:34:56 [scrapy.statscollectors] INFO: Dumping Scrapy stats:
{'downloader/request_bytes': 717,
 'downloader/request_count': 3,
 'downloader/request_method_count/GET': 3,
 'downloader/response_bytes': 10935429,
 'downloader/response_count': 3,
 'downloader/response_status_count/200': 2,
 'downloader/response_status_count/404': 1,
 'elapsed_time_seconds': 0.313644,
 'finish_reason': 'finished',
 'finish_time': datetime.datetime(2025, 4, 27, 22, 34, 56, 527554, tzinfo=datetime.timezone.utc),
 'items_per_minute': None,
 'log_count/DEBUG': 10,
 'log_count/INFO': 10,
 'memusage/max': 65773568,
 'memusage/startup': 65773568,
 'request_depth_max': 1,
 'response_received_count': 3,
 'responses_per_minute': None,
 'robotstxt/request_count': 1,
 'robotstxt/response_count': 1,
 'robotstxt/response_status_count/404': 1,
 'scheduler/dequeued': 2,
 'scheduler/dequeued/memory': 2,
 'scheduler/enqueued': 2,
 'scheduler/enqueued/memory': 2,
 'start_time': datetime.datetime(2025, 4, 27, 22, 34, 56, 213910, tzinfo=datetime.timezone.utc)}
2025-04-27 22:34:56 [scrapy.core.engine] INFO: Spider closed (finished)
